This file contains any messages produced by compilers while
running configure, to aid debugging if configure makes a mistake.

configure:566: checking for a BSD compatible install
configure:619: checking whether build environment is sane
configure:676: checking whether make sets ${MAKE}
configure:723: checking for working aclocal
configure:736: checking for working autoconf
configure:749: checking for working automake
configure:762: checking for working autoheader
configure:775: checking for working makeinfo
configure:795: checking for gcc
configure:908: checking whether the C compiler (gcc  ) works
configure:924: gcc -o conftest    conftest.c  1>&5
configure:950: checking whether the C compiler (gcc  ) is a cross-compiler
configure:955: checking whether we are using GNU C
configure:964: gcc -E conftest.c
configure:983: checking whether gcc accepts -g
configure:1015: checking how to run the C preprocessor
configure:1036: gcc -E  conftest.c >/dev/null 2>conftest.out
configure:1096: checking whether gcc needs -traditional
configure:1145: checking for gcc option to accept ANSI C
configure:1198: gcc  -c -g -O2  conftest.c 1>&5
configure:1224: checking for function prototypes
configure:1459: checking host system type
configure:1480: checking build system type
configure:1500: checking for ranlib
configure:1539: checking for ld used by GCC
configure:1602: checking if the linker (/usr/bin/ld) is GNU ld
GNU ld version 2.9.1 (with BFD 2.9.1.0.23)
configure:1618: checking for BSD-compatible nm
configure:1655: checking whether ln -s works
ltconfig:601: checking for object suffix
ltconfig:602: gcc -c -g -O2  conftest.c 1>&5
ltconfig:742: checking if gcc PIC flag -fPIC works
ltconfig:743: gcc -c -g -O2 -fPIC -DPIC  conftest.c 1>&5
ltconfig:795: checking if gcc supports -c -o file.o
ltconfig:796: gcc -c -g -O2 -o out/conftest2.o  conftest.c 1>&5
ltconfig:828: checking if gcc supports -c -o file.lo
ltconfig:829: gcc -c -g -O2 -c -o conftest.lo  conftest.c 1>&5
ltconfig:880: checking if gcc supports -fno-rtti -fno-exceptions
ltconfig:881: gcc -c -g -O2 -fno-rtti -fno-exceptions -c conftest.c  conftest.c 1>&5
ltconfig:924: checking if gcc static flag -static works
ltconfig:925: gcc -o conftest -g -O2   -static conftest.c  1>&5
GNU ld version 2.9.1 (with BFD 2.9.1.0.23)
ltconfig:1557: checking if global_symbol_pipe works
ltconfig:1558: gcc -c -g -O2  conftest.c 1>&5
ltconfig:1561: eval "/usr/bin/nm -B conftest.o | sed -n -e 's/^.*[ 	]\([ABCDGISTW]\)[ 	][ 	]*\(\)\([_A-Za-z][_A-Za-z0-9]*\)$/\1 \2\3 \3/p' > conftest.nm"
ltconfig:1613: gcc -o conftest -g -O2 -fno-builtin -fno-rtti -fno-exceptions   conftest.c conftstm.o 1>&5
configure:1852: checking for a BSD compatible install
configure:1933: checking for unistd.h
configure:1943: gcc -E  conftest.c >/dev/null 2>conftest.out
configure:1933: checking for alloca.h
configure:1943: gcc -E  conftest.c >/dev/null 2>conftest.out
configure:1933: checking for libintl.h
configure:1943: gcc -E  conftest.c >/dev/null 2>conftest.out
configure:1970: checking for /usr/ucblib in LIBS
configure:1986: checking for strerror
configure:2014: gcc -o conftest -Wall -g -O2   conftest.c  1>&5
configure:2041: checking for gettext
configure:2069: gcc -o conftest -Wall -g -O2   conftest.c  1>&5
configure:2096: checking for dgettext
configure:2124: gcc -o conftest -Wall -g -O2   conftest.c  1>&5
configure:2149: checking for setreuid
configure:2177: gcc -o conftest -Wall -g -O2   conftest.c  1>&5
